<?xml version="1.0" encoding="UTF-8"?>
<!-- Generated by org.testng.reporters.JUnitReportReporter -->
<testsuite skipped="0" hostname="DESKTOP-J505A6L" name="com.amazon.testcases.LoginPageTestCase" tests="2" failures="0" timestamp="2022-08-01T17:17:51 IST" time="39.747" errors="0">
  <testcase name="verifyLoginPageTitleTest" time="23.945" classname="com.amazon.testcases.LoginPageTestCase"/>
  <system-out/>
  <testcase name="verifyLoginPageAmazonLogoTest" time="15.802" classname="com.amazon.testcases.LoginPageTestCase"/>
  <system-out/>
</testsuite> <!-- com.amazon.testcases.LoginPageTestCase -->
