<?xml version="1.0" encoding="UTF-8"?>
<!-- Generated by org.testng.reporters.JUnitReportReporter -->
<testsuite skipped="0" hostname="DESKTOP-J505A6L" name="com.amazon.testcases.ILovePdfComPageTestCase" tests="1" failures="0" timestamp="2022-08-06T19:05:01 IST" time="37.273" errors="0">
  <testcase name="UploadJpgImage" time="37.273" classname="com.amazon.testcases.ILovePdfComPageTestCase"/>
  <system-out/>
</testsuite> <!-- com.amazon.testcases.ILovePdfComPageTestCase -->
