<?xml version="1.0" encoding="UTF-8"?>
<!-- Generated by org.testng.reporters.JUnitReportReporter -->
<testsuite skipped="0" hostname="DESKTOP-J505A6L" name="com.amazon.testcases.PaymentGatewayPageTestCase" tests="2" failures="0" timestamp="2022-07-30T20:32:05 IST" time="53.890" errors="0">
  <testcase name="addMobileRechargeAndPerformPaymentWithDebitCard" time="36.082" classname="com.amazon.testcases.PaymentGatewayPageTestCase"/>
  <system-out/>
  <testcase name="removePaymentMethodDebitAndCreditCardTest" time="17.808" classname="com.amazon.testcases.PaymentGatewayPageTestCase"/>
  <system-out/>
</testsuite> <!-- com.amazon.testcases.PaymentGatewayPageTestCase -->
