<?xml version="1.0" encoding="UTF-8"?>
<!-- Generated by org.testng.reporters.JUnitReportReporter -->
<testsuite skipped="0" hostname="DESKTOP-J505A6L" name="com.amazon.testcases.AmazonPayPageTestCase" tests="3" failures="0" timestamp="2022-08-05T12:45:51 IST" time="36.120" errors="0">
  <testcase name="verifyAmazonPayPageTitleTest" time="13.072" classname="com.amazon.testcases.AmazonPayPageTestCase"/>
  <system-out/>
  <testcase name="verifyAmazonPayPageImageTest" time="9.761" classname="com.amazon.testcases.AmazonPayPageTestCase"/>
  <system-out/>
  <testcase name="goToMobileRechargeIconTest" time="13.287" classname="com.amazon.testcases.AmazonPayPageTestCase"/>
  <system-out/>
</testsuite> <!-- com.amazon.testcases.AmazonPayPageTestCase -->
