<?xml version="1.0" encoding="UTF-8"?>
<!-- Generated by org.testng.reporters.JUnitReportReporter -->
<testsuite hostname="Kishan" failures="0" tests="2" name="com.amazon.testcases.HomePageTestCase" time="19.196" errors="0" timestamp="2022-08-16T18:50:09 IST" skipped="0">
  <testcase classname="com.amazon.testcases.HomePageTestCase" name="verifyHomePageTitleTest" time="8.771"/>
  <system-out/>
  <testcase classname="com.amazon.testcases.HomePageTestCase" name="verifyLoggedInUserNameTest" time="10.425"/>
  <system-out/>
</testsuite> <!-- com.amazon.testcases.HomePageTestCase -->
