<?xml version="1.0" encoding="UTF-8"?>
<!-- Generated by org.testng.reporters.JUnitReportReporter -->
<testsuite hostname="Kishan" failures="0" tests="1" name="com.amazon.testcases.PaymentGatewayPageTestCase" time="36.778" errors="0" timestamp="2022-08-18T12:58:32 IST" skipped="0">
  <testcase classname="com.amazon.testcases.PaymentGatewayPageTestCase" name="addMobileRechargeAndPerformPaymentWithDebitCard" time="36.778"/>
  <system-out/>
</testsuite> <!-- com.amazon.testcases.PaymentGatewayPageTestCase -->
