<?xml version="1.0" encoding="UTF-8"?>
<!-- Generated by org.testng.reporters.JUnitReportReporter -->
<testsuite skipped="0" hostname="DESKTOP-J505A6L" name="com.amazon.testcases.AmazonPayPageTestCase" tests="3" failures="0" timestamp="2022-08-03T18:07:15 IST" time="71.025" errors="0">
  <testcase name="verifyAmazonPayPageTitleTest" time="22.599" classname="com.amazon.testcases.AmazonPayPageTestCase"/>
  <system-out/>
  <testcase name="verifyAmazonPayPageImageTest" time="22.725" classname="com.amazon.testcases.AmazonPayPageTestCase"/>
  <system-out/>
  <testcase name="goToMobileRechargeIconTest" time="25.701" classname="com.amazon.testcases.AmazonPayPageTestCase"/>
  <system-out/>
</testsuite> <!-- com.amazon.testcases.AmazonPayPageTestCase -->
