<?xml version="1.0" encoding="UTF-8"?>
<!-- Generated by org.testng.reporters.JUnitReportReporter -->
<testsuite skipped="0" hostname="DESKTOP-J505A6L" name="com.amazon.testcases.AmazonPayPageTestCase" tests="3" failures="0" timestamp="2022-08-09T13:45:12 IST" time="48.761" errors="0">
  <testcase name="verifyAmazonPayPageTitleTest" time="17.847" classname="com.amazon.testcases.AmazonPayPageTestCase"/>
  <system-out/>
  <testcase name="verifyAmazonPayPageImageTest" time="13.871" classname="com.amazon.testcases.AmazonPayPageTestCase"/>
  <system-out/>
  <testcase name="goToMobileRechargeIconTest" time="17.043" classname="com.amazon.testcases.AmazonPayPageTestCase"/>
  <system-out/>
</testsuite> <!-- com.amazon.testcases.AmazonPayPageTestCase -->
