<?xml version="1.0" encoding="UTF-8"?>
<!-- Generated by org.testng.reporters.JUnitReportReporter -->
<testsuite skipped="0" hostname="DESKTOP-J505A6L" name="com.amazon.testcases.LoginPageTestCase" tests="2" failures="0" timestamp="2022-08-09T13:45:12 IST" time="35.184" errors="0">
  <testcase name="verifyLoginPageTitleTest" time="23.453" classname="com.amazon.testcases.LoginPageTestCase"/>
  <system-out/>
  <testcase name="verifyLoginPageAmazonLogoTest" time="11.731" classname="com.amazon.testcases.LoginPageTestCase"/>
  <system-out/>
</testsuite> <!-- com.amazon.testcases.LoginPageTestCase -->
