<?xml version="1.0" encoding="UTF-8"?>
<!-- Generated by org.testng.reporters.JUnitReportReporter -->
<testsuite hostname="Kishan" failures="0" tests="2" name="com.amazon.testcases.LoginPageTestCase" time="16.985" errors="0" timestamp="2022-08-16T18:50:09 IST" skipped="0">
  <testcase classname="com.amazon.testcases.LoginPageTestCase" name="verifyLoginPageTitleTest" time="4.826"/>
  <system-out/>
  <testcase classname="com.amazon.testcases.LoginPageTestCase" name="verifyLoginPageAmazonLogoTest" time="12.159"/>
  <system-out/>
</testsuite> <!-- com.amazon.testcases.LoginPageTestCase -->
