<?xml version="1.0" encoding="UTF-8"?>
<!-- Generated by org.testng.reporters.JUnitReportReporter -->
<testsuite skipped="0" hostname="DESKTOP-J505A6L" name="com.amazon.testcases.AmazonPayPageTestCase" tests="3" failures="0" timestamp="2022-07-29T19:28:38 IST" time="45.086" errors="0">
  <testcase name="verifyAmazonPayPageTitleTest" time="14.741" classname="com.amazon.testcases.AmazonPayPageTestCase"/>
  <system-out/>
  <testcase name="verifyAmazonPayPageImageTest" time="14.630" classname="com.amazon.testcases.AmazonPayPageTestCase"/>
  <system-out/>
  <testcase name="goToMobileRechargeIconTest" time="15.715" classname="com.amazon.testcases.AmazonPayPageTestCase"/>
  <system-out/>
</testsuite> <!-- com.amazon.testcases.AmazonPayPageTestCase -->
