<?xml version="1.0" encoding="UTF-8"?>
<!-- Generated by org.testng.reporters.JUnitReportReporter -->
<testsuite skipped="0" hostname="DESKTOP-J505A6L" name="com.amazon.testcases.AmazonPayPageTestCase" tests="3" failures="0" timestamp="2022-08-01T17:17:51 IST" time="43.283" errors="0">
  <testcase name="verifyAmazonPayPageTitleTest" time="12.393" classname="com.amazon.testcases.AmazonPayPageTestCase"/>
  <system-out/>
  <testcase name="verifyAmazonPayPageImageTest" time="14.991" classname="com.amazon.testcases.AmazonPayPageTestCase"/>
  <system-out/>
  <testcase name="goToMobileRechargeIconTest" time="15.899" classname="com.amazon.testcases.AmazonPayPageTestCase"/>
  <system-out/>
</testsuite> <!-- com.amazon.testcases.AmazonPayPageTestCase -->
