<?xml version="1.0" encoding="UTF-8"?>
<!-- Generated by org.testng.reporters.JUnitReportReporter -->
<testsuite hostname="Kishan" failures="0" tests="3" name="com.amazon.testcases.AmazonPayPageTestCase" time="28.710" errors="0" timestamp="2022-08-16T18:50:09 IST" skipped="0">
  <testcase classname="com.amazon.testcases.AmazonPayPageTestCase" name="verifyAmazonPayPageTitleTest" time="9.242"/>
  <system-out/>
  <testcase classname="com.amazon.testcases.AmazonPayPageTestCase" name="verifyAmazonPayPageImageTest" time="9.374"/>
  <system-out/>
  <testcase classname="com.amazon.testcases.AmazonPayPageTestCase" name="goToMobileRechargeIconTest" time="10.094"/>
  <system-out/>
</testsuite> <!-- com.amazon.testcases.AmazonPayPageTestCase -->
