<?xml version="1.0" encoding="UTF-8"?>
<!-- Generated by org.testng.reporters.JUnitReportReporter -->
<testsuite skipped="0" hostname="DESKTOP-J505A6L" name="com.amazon.testcases.PaymentGatewayPageTestCase" tests="2" failures="0" timestamp="2022-07-30T19:12:03 IST" time="67.157" errors="0">
  <testcase name="addMobileRechargeAndPerformPaymentWithDebitCard" time="45.831" classname="com.amazon.testcases.PaymentGatewayPageTestCase"/>
  <system-out/>
  <testcase name="removePaymentMethodDebitAndCreditCardTest" time="21.326" classname="com.amazon.testcases.PaymentGatewayPageTestCase"/>
  <system-out/>
</testsuite> <!-- com.amazon.testcases.PaymentGatewayPageTestCase -->
