<?xml version="1.0" encoding="UTF-8"?>
<!-- Generated by org.testng.reporters.JUnitReportReporter -->
<testsuite skipped="0" hostname="DESKTOP-J505A6L" name="com.amazon.testcases.LoginPageTestCase" tests="2" failures="0" timestamp="2022-08-06T19:46:13 IST" time="29.548" errors="0">
  <testcase name="verifyLoginPageTitleTest" time="19.816" classname="com.amazon.testcases.LoginPageTestCase"/>
  <system-out/>
  <testcase name="verifyLoginPageAmazonLogoTest" time="9.732" classname="com.amazon.testcases.LoginPageTestCase"/>
  <system-out/>
</testsuite> <!-- com.amazon.testcases.LoginPageTestCase -->
