<?xml version="1.0" encoding="UTF-8"?>
<!-- Generated by org.testng.reporters.JUnitReportReporter -->
<testsuite skipped="0" hostname="DESKTOP-J505A6L" name="com.amazon.testcases.HomePageTestCase" tests="2" failures="0" timestamp="2022-07-30T19:12:03 IST" time="33.974" errors="0">
  <testcase name="verifyHomePageTitleTest" time="15.879" classname="com.amazon.testcases.HomePageTestCase"/>
  <system-out/>
  <testcase name="verifyLoggedInUserNameTest" time="18.095" classname="com.amazon.testcases.HomePageTestCase"/>
  <system-out/>
</testsuite> <!-- com.amazon.testcases.HomePageTestCase -->
