<?xml version="1.0" encoding="UTF-8"?>
<!-- Generated by org.testng.reporters.JUnitReportReporter -->
<testsuite skipped="0" hostname="DESKTOP-J505A6L" name="com.amazon.testcases.MobileRechargePageTestCase" tests="1" failures="0" timestamp="2022-08-03T20:00:46 IST" time="19.381" errors="0">
  <testcase name="insertMobileRechargeDetailsTest" time="19.381" classname="com.amazon.testcases.MobileRechargePageTestCase"/>
  <system-out/>
</testsuite> <!-- com.amazon.testcases.MobileRechargePageTestCase -->
