<?xml version="1.0" encoding="UTF-8"?>
<!-- Generated by org.testng.reporters.JUnitReportReporter -->
<testsuite hostname="Kishan" failures="0" tests="2" name="com.amazon.testcases.LoginPageTestCase" time="15.161" errors="0" timestamp="2022-08-18T13:10:25 IST" skipped="0">
  <testcase classname="com.amazon.testcases.LoginPageTestCase" name="verifyLoginPageTitleTest" time="10.494"/>
  <system-out/>
  <testcase classname="com.amazon.testcases.LoginPageTestCase" name="verifyLoginPageAmazonLogoTest" time="4.667"/>
  <system-out/>
</testsuite> <!-- com.amazon.testcases.LoginPageTestCase -->
