<?xml version="1.0" encoding="UTF-8"?>
<!-- Generated by org.testng.reporters.JUnitReportReporter -->
<testsuite skipped="0" hostname="DESKTOP-J505A6L" name="com.amazon.testcases.PaymentGatewayPageTestCase" tests="2" failures="0" timestamp="2022-08-09T19:30:45 IST" time="64.063" errors="0">
  <testcase name="addMobileRechargeAndPerformPaymentWithDebitCard" time="40.048" classname="com.amazon.testcases.PaymentGatewayPageTestCase"/>
  <system-out/>
  <testcase name="removePaymentMethodDebitAndCreditCardTest" time="24.015" classname="com.amazon.testcases.PaymentGatewayPageTestCase"/>
  <system-out/>
</testsuite> <!-- com.amazon.testcases.PaymentGatewayPageTestCase -->
