<?xml version="1.0" encoding="UTF-8"?>
<!-- Generated by org.testng.reporters.JUnitReportReporter -->
<testsuite hostname="Kishan" failures="0" tests="2" name="com.amazon.testcases.HomePageTestCase" time="15.016" errors="0" timestamp="2022-08-18T13:10:25 IST" skipped="0">
  <testcase classname="com.amazon.testcases.HomePageTestCase" name="verifyHomePageTitleTest" time="7.723"/>
  <system-out/>
  <testcase classname="com.amazon.testcases.HomePageTestCase" name="verifyLoggedInUserNameTest" time="7.293"/>
  <system-out/>
</testsuite> <!-- com.amazon.testcases.HomePageTestCase -->
