<?xml version="1.0" encoding="UTF-8"?>
<!-- Generated by org.testng.reporters.JUnitReportReporter -->
<testsuite skipped="0" hostname="DESKTOP-J505A6L" name="com.amazon.testcases.HomePageTestCase" tests="2" failures="0" timestamp="2022-08-03T20:00:46 IST" time="27.441" errors="0">
  <testcase name="verifyHomePageTitleTest" time="13.663" classname="com.amazon.testcases.HomePageTestCase"/>
  <system-out/>
  <testcase name="verifyLoggedInUserNameTest" time="13.778" classname="com.amazon.testcases.HomePageTestCase"/>
  <system-out/>
</testsuite> <!-- com.amazon.testcases.HomePageTestCase -->
