<?xml version="1.0" encoding="UTF-8"?>
<!-- Generated by org.testng.reporters.JUnitReportReporter -->
<testsuite skipped="0" hostname="DESKTOP-J505A6L" name="com.amazon.testcases.ILovePdfComPageTestCase" tests="1" failures="0" timestamp="2022-08-09T19:30:45 IST" time="31.645" errors="0">
  <testcase name="UploadJpgImageAndDownloadAndDelete" time="31.645" classname="com.amazon.testcases.ILovePdfComPageTestCase"/>
  <system-out/>
</testsuite> <!-- com.amazon.testcases.ILovePdfComPageTestCase -->
