<?xml version="1.0" encoding="UTF-8"?>
<!-- Generated by org.testng.reporters.JUnitReportReporter -->
<testsuite hostname="Kishan" failures="0" tests="3" name="com.amazon.testcases.AmazonPayPageTestCase" time="25.857" errors="0" timestamp="2022-08-18T13:10:25 IST" skipped="0">
  <testcase classname="com.amazon.testcases.AmazonPayPageTestCase" name="verifyAmazonPayPageTitleTest" time="7.946"/>
  <system-out/>
  <testcase classname="com.amazon.testcases.AmazonPayPageTestCase" name="verifyAmazonPayPageImageTest" time="8.565"/>
  <system-out/>
  <testcase classname="com.amazon.testcases.AmazonPayPageTestCase" name="goToMobileRechargeIconTest" time="9.346"/>
  <system-out/>
</testsuite> <!-- com.amazon.testcases.AmazonPayPageTestCase -->
