<?xml version="1.0" encoding="UTF-8"?>
<!-- Generated by org.testng.reporters.JUnitReportReporter -->
<testsuite hostname="Kishan" failures="0" tests="1" name="com.amazon.testcases.MobileRechargePageTestCase" time="12.505" errors="0" timestamp="2022-08-18T13:10:25 IST" skipped="0">
  <testcase classname="com.amazon.testcases.MobileRechargePageTestCase" name="insertMobileRechargeDetailsTest" time="12.505"/>
  <system-out/>
</testsuite> <!-- com.amazon.testcases.MobileRechargePageTestCase -->
